
/home/runner/work/exp-multiple-sensors-dei/exp-multiple-sensors-dei/experiment/simulation/simulation_1/src/js/main.js
    5:10  warning  'changePower' is defined but never used          no-unused-vars
   22:10  warning  'showRadar' is defined but never used            no-unused-vars
   23:8   warning  Unexpected constant condition                    no-constant-condition
   30:10  warning  'changeImageIn' is defined but never used        no-unused-vars
   92:10  warning  'changeImageOutLeft' is defined but never used   no-unused-vars
  119:10  warning  'changeImageOutRight' is defined but never used  no-unused-vars

/home/runner/work/exp-multiple-sensors-dei/exp-multiple-sensors-dei/experiment/simulation/simulation_2/src/js/main.js
   4:10  warning  'changePower' is defined but never used    no-unused-vars
  21:10  warning  'showRadar' is defined but never used      no-unused-vars
  22:8   warning  Unexpected constant condition              no-constant-condition
  25:5   warning  'radar' is not defined                     no-undef
  29:10  warning  'changeImageIn' is defined but never used  no-unused-vars
  30:32  warning  'radar' is not defined                     no-undef
  32:5   warning  'radar' is not defined                     no-undef
  33:14  warning  'radar' is not defined                     no-undef
  35:5   warning  'radar' is not defined                     no-undef
  36:14  warning  'radar' is not defined                     no-undef
  38:5   warning  'radar' is not defined                     no-undef
  39:14  warning  'radar' is not defined                     no-undef
  41:5   warning  'radar' is not defined                     no-undef
  42:14  warning  'radar' is not defined                     no-undef
  44:5   warning  'radar' is not defined                     no-undef
  45:14  warning  'radar' is not defined                     no-undef
  47:5   warning  'radar' is not defined                     no-undef
  48:14  warning  'radar' is not defined                     no-undef
  50:5   warning  'radar' is not defined                     no-undef
  51:14  warning  'radar' is not defined                     no-undef
  53:5   warning  'radar' is not defined                     no-undef
  54:14  warning  'radar' is not defined                     no-undef
  56:5   warning  'radar' is not defined                     no-undef
  57:14  warning  'radar' is not defined                     no-undef
  59:5   warning  'radar' is not defined                     no-undef
  60:14  warning  'radar' is not defined                     no-undef
  62:5   warning  'radar' is not defined                     no-undef
  63:14  warning  'radar' is not defined                     no-undef
  65:5   warning  'radar' is not defined                     no-undef
  66:14  warning  'radar' is not defined                     no-undef
  68:5   warning  'radar' is not defined                     no-undef

/home/runner/work/exp-multiple-sensors-dei/exp-multiple-sensors-dei/experiment/simulation/simulation_3/src/js/main.js
  2:10  warning  'changePower' is defined but never used  no-unused-vars

/home/runner/work/exp-multiple-sensors-dei/exp-multiple-sensors-dei/experiment/simulation/simulation_4/src/js/main.js
   4:10  warning  'changePower' is defined but never used  no-unused-vars
  34:10  warning  'setImage' is defined but never used     no-unused-vars

/home/runner/work/exp-multiple-sensors-dei/exp-multiple-sensors-dei/experiment/simulation/simulation_5/src/js/main.js
   3:5   warning  'smoke' is assigned a value but never used  no-unused-vars
   5:10  warning  'changePower' is defined but never used     no-unused-vars
  21:10  warning  'includeSmoke' is defined but never used    no-unused-vars
  22:8   warning  Unexpected constant condition               no-constant-condition
  58:10  warning  'setImage' is defined but never used        no-unused-vars

/home/runner/work/exp-multiple-sensors-dei/exp-multiple-sensors-dei/experiment/simulation/src/js/main.js
    2:10  warning  'dispmenu' is defined but never used    no-unused-vars
   60:10  warning  'myFunction' is defined but never used  no-unused-vars
   64:10  warning  'prequiz' is defined but never used     no-unused-vars
  114:10  warning  'postquiz' is defined but never used    no-unused-vars

✖ 49 problems (0 errors, 49 warnings)

